#
# There is insufficient memory for the Java Runtime Environment to continue.
# Native memory allocation (malloc) failed to allocate 1048576 bytes for AllocateHeap
# Possible reasons:
#   The system is out of physical RAM or swap space
#   In 32 bit mode, the process size limit was hit
# Possible solutions:
#   Reduce memory load on the system
#   Increase physical memory or swap space
#   Check if swap backing store is full
#   Use 64 bit Java on a 64 bit OS
#   Decrease Java heap size (-Xmx/-Xms)
#   Decrease number of Java threads
#   Decrease Java thread stack sizes (-Xss)
#   Set larger code cache with -XX:ReservedCodeCacheSize=
# This output file may be truncated or incomplete.
#
#  Out of Memory Error (memory/allocation.inline.hpp:61), pid=36400, tid=0x0000000000004568
#
# JRE version:  (8.0_111-b14) (build )
# Java VM: Java HotSpot(TM) 64-Bit Server VM (25.111-b14 mixed mode windows-amd64 compressed oops)
# Failed to write core dump. Minidumps are not enabled by default on client versions of Windows
#

---------------  T H R E A D  ---------------

Current thread (0x00000000052b6800):  JavaThread "Unknown thread" [_thread_in_vm, id=17768, stack(0x0000000005100000,0x0000000005200000)]

Stack: [0x0000000005100000,0x0000000005200000]
[error occurred during error reporting (printing stack bounds), id 0xc0000005]

Native frames: (J=compiled Java code, j=interpreted, Vv=VM code, C=native code)


---------------  P R O C E S S  ---------------

Java Threads: ( => current thread )

Other Threads:

=>0x00000000052b6800 (exited) JavaThread "Unknown thread" [_thread_in_vm, id=17768, stack(0x0000000005100000,0x0000000005200000)]

VM state:not at safepoint (normal execution)

VM Mutex/Monitor currently owned by a thread: None

Heap:
 PSYoungGen      total 75776K, used 1300K [0x000000076b600000, 0x0000000770a80000, 0x00000007c0000000)
  eden space 65024K, 2% used [0x000000076b600000,0x000000076b7451f8,0x000000076f580000)
  from space 10752K, 0% used [0x0000000770000000,0x0000000770000000,0x0000000770a80000)
  to   space 10752K, 0% used [0x000000076f580000,0x000000076f580000,0x0000000770000000)
 ParOldGen       total 173568K, used 0K [0x00000006c2200000, 0x00000006ccb80000, 0x000000076b600000)
  object space 173568K, 0% used [0x00000006c2200000,0x00000006c2200000,0x00000006ccb80000)
 Metaspace       used 781K, capacity 4480K, committed 4480K, reserved 1056768K
  class space    used 75K, capacity 384K, committed 384K, reserved 1048576K

Card table byte_map: [0x0000000014770000,0x0000000014f60000] byte_map_base: 0x000000001115f000

Marking Bits: (ParMarkBitMap*) 0x0000000071fda6c0
 Begin Bits: [0x0000000015cb0000, 0x0000000019c28000)
 End Bits:   [0x0000000019c28000, 0x000000001dba0000)

Polling page: 0x0000000003250000

CodeCache: size=245760Kb used=328Kb max_used=328Kb free=245431Kb
 bounds [0x00000000053b0000, 0x0000000005620000, 0x00000000143b0000]
 total_blobs=58 nmethods=0 adapters=38
 compilation: enabled

Compilation events (0 events):
No events

GC Heap History (0 events):
No events

Deoptimization events (0 events):
No events

Internal exceptions (0 events):
No events

Events (10 events):
Event: 0.036 loading class java/lang/Short
Event: 0.037 loading class java/lang/Short done
Event: 0.037 loading class java/lang/Integer
Event: 0.037 loading class java/lang/Integer done
Event: 0.037 loading class java/lang/Long
Event: 0.037 loading class java/lang/Long done
Event: 0.038 loading class java/lang/NullPointerException
Event: 0.038 loading class java/lang/NullPointerException done
Event: 0.038 loading class java/lang/ArithmeticException
Event: 0.038 loading class java/lang/ArithmeticException done


Dynamic libraries:
0x00007ff7f2ba0000 - 0x00007ff7f2bd7000 	C:\Program Files\Java\jdk1.8.0_111\bin\javaw.exe
0x00007ff9411d0000 - 0x00007ff9413b0000 	C:\Windows\SYSTEM32\ntdll.dll
0x00007ff93e960000 - 0x00007ff93ea0e000 	C:\Windows\System32\KERNEL32.DLL
0x00007ff93d870000 - 0x00007ff93dad6000 	C:\Windows\System32\KERNELBASE.dll
0x00007ff93ea10000 - 0x00007ff93eab1000 	C:\Windows\System32\ADVAPI32.dll
0x00007ff940fb0000 - 0x00007ff94104d000 	C:\Windows\System32\msvcrt.dll
0x00007ff93f1d0000 - 0x00007ff93f22b000 	C:\Windows\System32\sechost.dll
0x00007ff93f6c0000 - 0x00007ff93f7df000 	C:\Windows\System32\RPCRT4.dll
0x00007ff93ebf0000 - 0x00007ff93ed7f000 	C:\Windows\System32\USER32.dll
0x00007ff93d850000 - 0x00007ff93d870000 	C:\Windows\System32\win32u.dll
0x00007ff93ebc0000 - 0x00007ff93ebe8000 	C:\Windows\System32\GDI32.dll
0x00007ff93e500000 - 0x00007ff93e693000 	C:\Windows\System32\gdi32full.dll
0x00007ff93dc10000 - 0x00007ff93dcab000 	C:\Windows\System32\msvcp_win.dll
0x00007ff93dcb0000 - 0x00007ff93dda5000 	C:\Windows\System32\ucrtbase.dll
0x00007ff93c4b0000 - 0x00007ff93c719000 	C:\Windows\WinSxS\amd64_microsoft.windows.common-controls_6595b64144ccf1df_6.0.16299.904_none_15cadeb69362db48\COMCTL32.dll
0x00007ff93f240000 - 0x00007ff93f546000 	C:\Windows\System32\combase.dll
0x00007ff93dae0000 - 0x00007ff93db52000 	C:\Windows\System32\bcryptPrimitives.dll
0x00007ff940f80000 - 0x00007ff940fad000 	C:\Windows\System32\IMM32.DLL
0x0000000072c90000 - 0x0000000072d62000 	C:\Program Files\Java\jdk1.8.0_111\jre\bin\msvcr100.dll
0x00000000717c0000 - 0x000000007205a000 	C:\Program Files\Java\jdk1.8.0_111\jre\bin\server\jvm.dll
0x00007ff93e7b0000 - 0x00007ff93e7b8000 	C:\Windows\System32\PSAPI.DLL
0x00007ff92e640000 - 0x00007ff92e649000 	C:\Windows\SYSTEM32\WSOCK32.dll
0x00007ff938240000 - 0x00007ff938263000 	C:\Windows\SYSTEM32\WINMM.dll
0x00007ff93a240000 - 0x00007ff93a24a000 	C:\Windows\SYSTEM32\VERSION.dll
0x00007ff93f7e0000 - 0x00007ff93f84c000 	C:\Windows\System32\WS2_32.dll
0x00007ff938110000 - 0x00007ff93813a000 	C:\Windows\SYSTEM32\winmmbase.dll
0x00007ff93d800000 - 0x00007ff93d84a000 	C:\Windows\System32\cfgmgr32.dll
0x0000000073f00000 - 0x0000000073f0f000 	C:\Program Files\Java\jdk1.8.0_111\jre\bin\verify.dll
0x0000000073ad0000 - 0x0000000073af9000 	C:\Program Files\Java\jdk1.8.0_111\jre\bin\java.dll
0x0000000073a90000 - 0x0000000073ac5000 	C:\Program Files\Java\jdk1.8.0_111\jre\bin\jdwp.dll
0x0000000073a80000 - 0x0000000073a88000 	C:\Program Files\Java\jdk1.8.0_111\jre\bin\npt.dll
0x0000000073a60000 - 0x0000000073a76000 	C:\Program Files\Java\jdk1.8.0_111\jre\bin\zip.dll

VM Arguments:
jvm_args: -agentlib:jdwp=transport=dt_socket,suspend=y,address=localhost:54656 -Dcom.sun.management.jmxremote -Dcom.sun.management.jmxremote.port=54653 -Dcom.sun.management.jmxremote.authenticate=false -Dcom.sun.management.jmxremote.ssl=false -Djava.rmi.server.hostname=localhost -Dspring.liveBeansView.mbeanDomain -Dspring.application.admin.enabled=true -Xverify:none -XX:TieredStopAtLevel=1 -Dfile.encoding=UTF-8 
java_command: com.datatransforming.baseapp.DemoApplication --spring.profiles.active=local --spring.output.ansi.enabled=always
java_class_path (initial): C:\Program Files\Java\jdk1.8.0_111\jre\lib\resources.jar;C:\Program Files\Java\jdk1.8.0_111\jre\lib\rt.jar;C:\Program Files\Java\jdk1.8.0_111\jre\lib\jsse.jar;C:\Program Files\Java\jdk1.8.0_111\jre\lib\jce.jar;C:\Program Files\Java\jdk1.8.0_111\jre\lib\charsets.jar;C:\Program Files\Java\jdk1.8.0_111\jre\lib\jfr.jar;C:\Program Files\Java\jdk1.8.0_111\jre\lib\ext\access-bridge-64.jar;C:\Program Files\Java\jdk1.8.0_111\jre\lib\ext\cldrdata.jar;C:\Program Files\Java\jdk1.8.0_111\jre\lib\ext\dnsns.jar;C:\Program Files\Java\jdk1.8.0_111\jre\lib\ext\jaccess.jar;C:\Program Files\Java\jdk1.8.0_111\jre\lib\ext\jfxrt.jar;C:\Program Files\Java\jdk1.8.0_111\jre\lib\ext\localedata.jar;C:\Program Files\Java\jdk1.8.0_111\jre\lib\ext\nashorn.jar;C:\Program Files\Java\jdk1.8.0_111\jre\lib\ext\sunec.jar;C:\Program Files\Java\jdk1.8.0_111\jre\lib\ext\sunjce_provider.jar;C:\Program Files\Java\jdk1.8.0_111\jre\lib\ext\sunmscapi.jar;C:\Program Files\Java\jdk1.8.0_111\jre\lib\ext\sunpkcs11.jar;C:\Program Files\Java\jdk1.8.0_111\jre\lib\ext\zipfs.jar;C:\Users\jm838d\Documents\1. My Prj\MyToolkits\baseapp\base-webapp\target\classes;C:\Users\jm838d\.m2\repository\org\springframework\boot\spring-boot-starter-amqp\2.0.5.RELEASE\spring-boot-starter-amqp-2.0.5.RELEASE.jar;C:\Users\jm838d\.m2\repository\org\springframework\boot\spring-boot-starter\2.0.5.RELEASE\spring-boot-starter-2.0.5.RELEASE.jar;C:\Users\jm838d\.m2\repository\org\springframework\boot\spring-boot-starter-logging\2.0.5.RELEASE\spring-boot-starter-logging-2.0.5.RELEASE.jar;C:\Users\jm838d\.m2\repository\ch\qos\logback\logback-classic\1.2.3\logback-classic-1.2.3.jar;C:\Users\jm838d\.m2\repository\ch\qos\logback\logback-core\1.2.3\logback-core-1.2.3.jar;C:\Users\jm838d\.m2\repository\org\apache\logging\log4j\log4j-to-slf4j\2.10.0\log4j-to-slf4j-2.10.0.jar;C:\Users\jm838d\.m2\repository\org\apache\logging\log4j\log4j-api\2.10.0\log4j-api-2.10.0.jar;C:\Users\jm838d\.m2\repository\org\slf4j\jul-to-slf4j\1.7
Launcher Type: SUN_STANDARD

Environment Variables:
PATH=C:\Program Files\Java\jdk1.8.0_111\jre\bin;C:/Program Files/Java/jre1.8.0_162/bin/server;C:/Program Files/Java/jre1.8.0_162/bin;C:/Program Files/Java/jre1.8.0_162/lib/amd64;C:\ProgramData\Oracle\Java\javapath;C:\Windows\system32;C:\Windows;C:\Windows\System32\Wbem;C:\Windows\System32\WindowsPowerShell\v1.0\;C:\Program Files (x86)\Common Files\ACD Systems\EN;C:\Program Files (x86)\Common Files\ACD Systems;C:\Program Files (x86)\WebEx\Productivity Tools;C:\Program Files\PuTTY\;C:\Program Files\Microsoft SQL Server\Client SDK\ODBC\110\Tools\Binn\;C:\Program Files (x86)\Microsoft SQL Server\120\Tools\Binn\;C:\Program Files\Microsoft SQL Server\120\Tools\Binn\;C:\Program Files\Microsoft SQL Server\120\DTS\Binn\;C:\Program Files (x86)\Microsoft SQL Server\Client SDK\ODBC\130\Tools\Binn\;C:\Program Files (x86)\Microsoft SQL Server\140\Tools\Binn\;C:\Program Files (x86)\Microsoft SQL Server\140\DTS\Binn\;C:\Program Files (x86)\Microsoft SQL Server\140\Tools\Binn\ManagementStudio\;C:\Users\jm838d\AppData\Local\Microsoft\WindowsApps;C:\Users\jm838d\AppData\Local\GitHubDesktop\bin;C:\Setup\sts-bundle\sts-3.9.0.RELEASE;
USERNAME=jm838d
OS=Windows_NT
PROCESSOR_IDENTIFIER=Intel64 Family 6 Model 142 Stepping 10, GenuineIntel



---------------  S Y S T E M  ---------------

OS: Windows 10.0 , 64 bit Build 16299 (10.0.16299.431)

CPU:total 8 (4 cores per cpu, 2 threads per core) family 6 model 142 stepping 10, cmov, cx8, fxsr, mmx, sse, sse2, sse3, ssse3, sse4.1, sse4.2, popcnt, avx, avx2, aes, clmul, erms, rtm, 3dnowpref, lzcnt, ht, tsc, tscinvbit, bmi1, bmi2, adx

Memory: 4k page, physical 16634836k(3841660k free), swap 47734904k(5896k free)

vm_info: Java HotSpot(TM) 64-Bit Server VM (25.111-b14) for windows-amd64 JRE (1.8.0_111-b14), built on Sep 22 2016 19:24:05 by "java_re" with MS VC++ 10.0 (VS2010)

time: Thu Feb 21 16:09:25 2019
elapsed time: 0 seconds (0d 0h 0m 0s)

