#
# A fatal error has been detected by the Java Runtime Environment:
#
#  EXCEPTION_ACCESS_VIOLATION (0xc0000005) at pc=0x0000000074d85c6c, pid=10624, tid=0x0000000000004e00
#
# JRE version: Java(TM) SE Runtime Environment (8.0_111-b14) (build 1.8.0_111-b14)
# Java VM: Java HotSpot(TM) 64-Bit Server VM (25.111-b14 mixed mode windows-amd64 compressed oops)
# Problematic frame:
# V  [jvm.dll+0xf5c6c]
#
# Failed to write core dump. Minidumps are not enabled by default on client versions of Windows
#
# If you would like to submit a bug report, please visit:
#   http://bugreport.java.com/bugreport/crash.jsp
#

---------------  T H R E A D  ---------------

Current thread (0x000000001eb39800):  VMThread [stack: 0x0000000020800000,0x0000000020900000] [id=19968]

siginfo: ExceptionCode=0xc0000005, reading address 0x0000000000390040

Registers:
RAX=0x0000000000390030, RBX=0x00000000050c3140, RCX=0x00000000000000cf, RDX=0x0000000000000038
RSP=0x00000000208ff638, RBP=0x00000000208ff740, RSI=0x00000000000000bb, RDI=0x0000000000000038
R8 =0x000000000513da90, R9 =0x0000000000000003, R10=0x0000000000000003, R11=0x0000000003219260
R12=0x00000000208ff7d0, R13=0x00000000208ff7c0, R14=0x0000000000000000, R15=0x0000000000000000
RIP=0x0000000074d85c6c, EFLAGS=0x0000000000010202

Top of Stack: (sp=0x00000000208ff638)
0x00000000208ff638:   0000000074e642a6 0000000000390030
0x00000000208ff648:   0000000000000038 00000000000000bb
0x00000000208ff658:   00000000267f3758 0000000000000000
0x00000000208ff668:   00000000267eb770 0000000006401ea8
0x00000000208ff678:   0000000006401d04 0000b8dacde03fca
0x00000000208ff688:   0000000006401bd0 00000000051b63e0
0x00000000208ff698:   00000000267f2ce0 0000000000000000
0x00000000208ff6a8:   0000000074d20a6b 0000000006401d60
0x00000000208ff6b8:   0000000000000000 0000000000000000
0x00000000208ff6c8:   0000000006401d60 0000000000040298
0x00000000208ff6d8:   0000000074d20dea 00000000051b63e0
0x00000000208ff6e8:   00000000267f3758 00000000267f2ce0
0x00000000208ff6f8:   0000000074d2e80e 0000b8dacde03f00
0x00000000208ff708:   0000000029c02c60 00000000267eb770
0x00000000208ff718:   0000000074d2e9cb 0000000000000000
0x00000000208ff728:   0000000074d2eaed 00000000208ff7f0 

Instructions: (pc=0x0000000074d85c6c)
0x0000000074d85c4c:   5f c3 cc cc 48 63 c2 48 8b 44 c1 50 48 89 44 24
0x0000000074d85c5c:   08 48 8b 44 24 08 0f b6 c8 f6 d1 f6 c1 01 74 05
0x0000000074d85c6c:   48 8b 40 10 c3 48 83 e0 fe c3 cc cc cc cc cc cc
0x0000000074d85c7c:   cc cc cc cc 48 89 54 24 10 49 63 c0 48 8b 44 c1 


Register to memory mapping:

RAX=0x0000000000390030 is an unknown value
RBX=0x00000000050c3140 is an unknown value
RCX=0x00000000000000cf is an unknown value
RDX=0x0000000000000038 is an unknown value
RSP=0x00000000208ff638 is an unknown value
RBP=0x00000000208ff740 is an unknown value
RSI=0x00000000000000bb is an unknown value
RDI=0x0000000000000038 is an unknown value
R8 =0x000000000513da90 is an unknown value
R9 =0x0000000000000003 is an unknown value
R10=0x0000000000000003 is an unknown value
R11=0x0000000003219260 is pointing into metadata
R12=0x00000000208ff7d0 is an unknown value
R13=0x00000000208ff7c0 is an unknown value
R14=0x0000000000000000 is an unknown value
R15=0x0000000000000000 is an unknown value


Stack: [0x0000000020800000,0x0000000020900000],  sp=0x00000000208ff638,  free space=1021k
Native frames: (J=compiled Java code, j=interpreted, Vv=VM code, C=native code)
V  [jvm.dll+0xf5c6c]

VM_Operation (0x000000002162f5d0): RedefineClasses, mode: safepoint, requested by thread 0x0000000020a3b000


---------------  P R O C E S S  ---------------

Java Threads: ( => current thread )
  0x000000002634f800 JavaThread "File Watcher" daemon [_thread_blocked, id=252, stack(0x000000003d510000,0x000000003d610000)]
  0x000000002634f000 JavaThread "File Watcher" daemon [_thread_blocked, id=17104, stack(0x000000003cb10000,0x000000003cc10000)]
  0x0000000026351000 JavaThread "mssql-jdbc-TimeoutTimer-15" daemon [_thread_blocked, id=4816, stack(0x000000003c710000,0x000000003c810000)]
  0x000000002634c800 JavaThread "File Watcher" daemon [_thread_blocked, id=3112, stack(0x000000003bd10000,0x000000003be10000)]
  0x0000000026357000 JavaThread "Thread-21" [_thread_blocked, id=25768, stack(0x000000003ad10000,0x000000003ae10000)]
  0x000000002635b000 JavaThread "RMI TCP Connection(idle)" daemon [_thread_blocked, id=2328, stack(0x000000002e510000,0x000000002e610000)]
  0x0000000026358000 JavaThread "DestroyJavaVM" [_thread_blocked, id=20372, stack(0x0000000004ed0000,0x0000000004fd0000)]
  0x0000000022391000 JavaThread "Live Reload Server" daemon [_thread_in_native, id=16456, stack(0x0000000028410000,0x0000000028510000)]
  0x000000002238d000 JavaThread "JMX server connection timeout 25" daemon [_thread_blocked, id=11824, stack(0x0000000024340000,0x0000000024440000)]
  0x0000000022cfc000 JavaThread "RMI Scheduler(0)" daemon [_thread_blocked, id=20468, stack(0x0000000024040000,0x0000000024140000)]
  0x0000000021f55800 JavaThread "RMI TCP Accept-0" daemon [_thread_in_native, id=14248, stack(0x0000000022730000,0x0000000022830000)]
  0x0000000021ef0000 JavaThread "RMI TCP Accept-56700" daemon [_thread_in_native, id=19776, stack(0x0000000022630000,0x0000000022730000)]
  0x0000000021edf000 JavaThread "RMI TCP Accept-0" daemon [_thread_in_native, id=13612, stack(0x0000000022530000,0x0000000022630000)]
  0x0000000020af6800 JavaThread "Service Thread" daemon [_thread_blocked, id=7388, stack(0x0000000021c30000,0x0000000021d30000)]
  0x0000000020a62800 JavaThread "C1 CompilerThread3" daemon [_thread_blocked, id=18444, stack(0x0000000021b30000,0x0000000021c30000)]
  0x0000000020a62000 JavaThread "C2 CompilerThread2" daemon [_thread_blocked, id=19640, stack(0x0000000021a30000,0x0000000021b30000)]
  0x0000000020a60000 JavaThread "C2 CompilerThread1" daemon [_thread_blocked, id=2000, stack(0x0000000021930000,0x0000000021a30000)]
  0x0000000020a59800 JavaThread "C2 CompilerThread0" daemon [_thread_blocked, id=20124, stack(0x0000000021830000,0x0000000021930000)]
  0x0000000020a55000 JavaThread "JDWP Command Reader" daemon [_thread_in_native, id=18740, stack(0x0000000021730000,0x0000000021830000)]
  0x0000000020a4a800 JavaThread "JDWP Event Helper Thread" daemon [_thread_blocked, id=12820, stack(0x0000000021630000,0x0000000021730000)]
  0x0000000020a3b000 JavaThread "JDWP Transport Listener: dt_socket" daemon [_thread_blocked, id=20016, stack(0x0000000021530000,0x0000000021630000)]
  0x0000000020a31800 JavaThread "Attach Listener" daemon [_thread_blocked, id=4124, stack(0x00000000210f0000,0x00000000211f0000)]
  0x0000000020a30800 JavaThread "Signal Dispatcher" daemon [_thread_blocked, id=19864, stack(0x0000000020ff0000,0x00000000210f0000)]
  0x000000000516e000 JavaThread "Finalizer" daemon [_thread_blocked, id=19920, stack(0x0000000020e00000,0x0000000020f00000)]
  0x000000001eb3d800 JavaThread "Reference Handler" daemon [_thread_blocked, id=20188, stack(0x0000000020900000,0x0000000020a00000)]

Other Threads:
=>0x000000001eb39800 VMThread [stack: 0x0000000020800000,0x0000000020900000] [id=19968]
  0x0000000021f56800 WatcherThread [stack: 0x0000000022830000,0x0000000022930000] [id=19796]

VM state:at safepoint (normal execution)

VM Mutex/Monitor currently owned by a thread:  ([mutex/lock_event])
[0x0000000005072f70] Threads_lock - owner thread: 0x000000001eb39800

Heap:
 PSYoungGen      total 90112K, used 22127K [0x000000076b600000, 0x0000000771980000, 0x00000007c0000000)
  eden space 81408K, 16% used [0x000000076b600000,0x000000076c31c578,0x0000000770580000)
  from space 8704K, 99% used [0x0000000770680000,0x0000000770eff950,0x0000000770f00000)
  to   space 10240K, 0% used [0x0000000770f80000,0x0000000770f80000,0x0000000771980000)
 ParOldGen       total 226816K, used 34356K [0x00000006c2200000, 0x00000006cff80000, 0x000000076b600000)
  object space 226816K, 15% used [0x00000006c2200000,0x00000006c438d338,0x00000006cff80000)
 Metaspace       used 60694K, capacity 64084K, committed 64512K, reserved 1105920K
  class space    used 8147K, capacity 8793K, committed 8960K, reserved 1048576K

Card table byte_map: [0x0000000014530000,0x0000000014d20000] byte_map_base: 0x0000000010f1f000

Marking Bits: (ParMarkBitMap*) 0x00000000754aa6c0
 Begin Bits: [0x0000000015a70000, 0x00000000199e8000)
 End Bits:   [0x00000000199e8000, 0x000000001d960000)

Polling page: 0x0000000000de0000

CodeCache: size=245760Kb used=19003Kb max_used=19003Kb free=226756Kb
 bounds [0x0000000005170000, 0x0000000006410000, 0x0000000014170000]
 total_blobs=10149 nmethods=9563 adapters=505
 compilation: enabled

Compilation events (10 events):
Event: 93373.625 Thread 0x0000000020a62800 9704       1       java.util.concurrent.locks.AbstractQueuedSynchronizer::transferAfterCancelledWait (34 bytes)
Event: 93373.626 Thread 0x0000000020a62800 nmethod 9704 0x00000000063ffa50 code [0x00000000063ffbc0, 0x00000000063ffe18]
Event: 93373.627 Thread 0x0000000020a62800 9705       1       com.sun.jmx.interceptor.DefaultMBeanServerInterceptor::checkMBeanPermission (21 bytes)
Event: 93373.629 Thread 0x0000000020a62800 nmethod 9705 0x00000000063fff90 code [0x0000000006400140, 0x0000000006400498]
Event: 93373.630 Thread 0x0000000020a62800 9706       1       org.apache.catalina.loader.WebappClassLoaderBase::binaryNameToPath (52 bytes)
Event: 93373.630 Thread 0x0000000020a62800 nmethod 9706 0x0000000006400810 code [0x00000000064009c0, 0x0000000006400f38]
Event: 93373.646 Thread 0x0000000020a62800 9707       1       ch.qos.logback.classic.spi.ThrowableProxyUtil::indent (21 bytes)
Event: 93373.646 Thread 0x0000000020a62800 nmethod 9707 0x0000000006401410 code [0x0000000006401580, 0x00000000064018d8]
Event: 93373.647 Thread 0x0000000020a62800 9708       1       ch.qos.logback.classic.pattern.ThrowableProxyConverter::isIgnoredStackTraceLine (51 bytes)
Event: 93373.647 Thread 0x0000000020a62800 nmethod 9708 0x0000000006401bd0 code [0x0000000006401d60, 0x0000000006402018]

GC Heap History (10 events):
Event: 93104.340 GC heap before
{Heap before GC invocations=79 (full 6):
 PSYoungGen      total 90624K, used 90594K [0x000000076b600000, 0x0000000771500000, 0x00000007c0000000)
  eden space 86528K, 100% used [0x000000076b600000,0x0000000770a80000,0x0000000770a80000)
  from space 4096K, 99% used [0x0000000771100000,0x00000007714f88c0,0x0000000771500000)
  to   space 4608K, 0% used [0x0000000770c00000,0x0000000770c00000,0x0000000771080000)
 ParOldGen       total 226816K, used 32820K [0x00000006c2200000, 0x00000006cff80000, 0x000000076b600000)
  object space 226816K, 14% used [0x00000006c2200000,0x00000006c420d370,0x00000006cff80000)
 Metaspace       used 60312K, capacity 63546K, committed 64128K, reserved 1103872K
  class space    used 8098K, capacity 8694K, committed 8832K, reserved 1048576K
Event: 93104.347 GC heap after
Heap after GC invocations=79 (full 6):
 PSYoungGen      total 89088K, used 3380K [0x000000076b600000, 0x0000000771380000, 0x00000007c0000000)
  eden space 85504K, 0% used [0x000000076b600000,0x000000076b600000,0x0000000770980000)
  from space 3584K, 94% used [0x0000000770c00000,0x0000000770f4d030,0x0000000770f80000)
  to   space 4096K, 0% used [0x0000000770f80000,0x0000000770f80000,0x0000000771380000)
 ParOldGen       total 226816K, used 32820K [0x00000006c2200000, 0x00000006cff80000, 0x000000076b600000)
  object space 226816K, 14% used [0x00000006c2200000,0x00000006c420d370,0x00000006cff80000)
 Metaspace       used 60312K, capacity 63546K, committed 64128K, reserved 1103872K
  class space    used 8098K, capacity 8694K, committed 8832K, reserved 1048576K
}
Event: 93353.678 GC heap before
{Heap before GC invocations=80 (full 6):
 PSYoungGen      total 89088K, used 88884K [0x000000076b600000, 0x0000000771380000, 0x00000007c0000000)
  eden space 85504K, 100% used [0x000000076b600000,0x0000000770980000,0x0000000770980000)
  from space 3584K, 94% used [0x0000000770c00000,0x0000000770f4d030,0x0000000770f80000)
  to   space 4096K, 0% used [0x0000000770f80000,0x0000000770f80000,0x0000000771380000)
 ParOldGen       total 226816K, used 32820K [0x00000006c2200000, 0x00000006cff80000, 0x000000076b600000)
  object space 226816K, 14% used [0x00000006c2200000,0x00000006c420d370,0x00000006cff80000)
 Metaspace       used 60447K, capacity 63714K, committed 64128K, reserved 1103872K
  class space    used 8118K, capacity 8742K, committed 8832K, reserved 1048576K
Event: 93353.683 GC heap after
Heap after GC invocations=80 (full 6):
 PSYoungGen      total 88576K, used 4084K [0x000000076b600000, 0x0000000771480000, 0x00000007c0000000)
  eden space 84480K, 0% used [0x000000076b600000,0x000000076b600000,0x0000000770880000)
  from space 4096K, 99% used [0x0000000770f80000,0x000000077137d030,0x0000000771380000)
  to   space 6144K, 0% used [0x0000000770880000,0x0000000770880000,0x0000000770e80000)
 ParOldGen       total 226816K, used 33090K [0x00000006c2200000, 0x00000006cff80000, 0x000000076b600000)
  object space 226816K, 14% used [0x00000006c2200000,0x00000006c4250ac0,0x00000006cff80000)
 Metaspace       used 60447K, capacity 63714K, committed 64128K, reserved 1103872K
  class space    used 8118K, capacity 8742K, committed 8832K, reserved 1048576K
}
Event: 93354.869 GC heap before
{Heap before GC invocations=81 (full 6):
 PSYoungGen      total 88576K, used 88535K [0x000000076b600000, 0x0000000771480000, 0x00000007c0000000)
  eden space 84480K, 99% used [0x000000076b600000,0x0000000770878cb0,0x0000000770880000)
  from space 4096K, 99% used [0x0000000770f80000,0x000000077137d030,0x0000000771380000)
  to   space 6144K, 0% used [0x0000000770880000,0x0000000770880000,0x0000000770e80000)
 ParOldGen       total 226816K, used 33090K [0x00000006c2200000, 0x00000006cff80000, 0x000000076b600000)
  object space 226816K, 14% used [0x00000006c2200000,0x00000006c4250ac0,0x00000006cff80000)
 Metaspace       used 60479K, capacity 63724K, committed 64128K, reserved 1103872K
  class space    used 8122K, capacity 8743K, committed 8832K, reserved 1048576K
Event: 93354.877 GC heap after
Heap after GC invocations=81 (full 6):
 PSYoungGen      total 89600K, used 6127K [0x000000076b600000, 0x0000000771680000, 0x00000007c0000000)
  eden space 83456K, 0% used [0x000000076b600000,0x000000076b600000,0x0000000770780000)
  from space 6144K, 99% used [0x0000000770880000,0x0000000770e7bf70,0x0000000770e80000)
  to   space 7680K, 0% used [0x0000000770f00000,0x0000000770f00000,0x0000000771680000)
 ParOldGen       total 226816K, used 34222K [0x00000006c2200000, 0x00000006cff80000, 0x000000076b600000)
  object space 226816K, 15% used [0x00000006c2200000,0x00000006c436ba98,0x00000006cff80000)
 Metaspace       used 60479K, capacity 63724K, committed 64128K, reserved 1103872K
  class space    used 8122K, capacity 8743K, committed 8832K, reserved 1048576K
}
Event: 93372.497 GC heap before
{Heap before GC invocations=82 (full 6):
 PSYoungGen      total 89600K, used 89583K [0x000000076b600000, 0x0000000771680000, 0x00000007c0000000)
  eden space 83456K, 100% used [0x000000076b600000,0x0000000770780000,0x0000000770780000)
  from space 6144K, 99% used [0x0000000770880000,0x0000000770e7bf70,0x0000000770e80000)
  to   space 7680K, 0% used [0x0000000770f00000,0x0000000770f00000,0x0000000771680000)
 ParOldGen       total 226816K, used 34222K [0x00000006c2200000, 0x00000006cff80000, 0x000000076b600000)
  object space 226816K, 15% used [0x00000006c2200000,0x00000006c436ba98,0x00000006cff80000)
 Metaspace       used 60556K, capacity 64002K, committed 64512K, reserved 1105920K
  class space    used 8137K, capacity 8789K, committed 8960K, reserved 1048576K
Event: 93372.502 GC heap after
Heap after GC invocations=82 (full 6):
 PSYoungGen      total 90112K, used 7376K [0x000000076b600000, 0x0000000771780000, 0x00000007c0000000)
  eden space 82432K, 0% used [0x000000076b600000,0x000000076b600000,0x0000000770680000)
  from space 7680K, 96% used [0x0000000770f00000,0x0000000771634228,0x0000000771680000)
  to   space 8704K, 0% used [0x0000000770680000,0x0000000770680000,0x0000000770f00000)
 ParOldGen       total 226816K, used 34230K [0x00000006c2200000, 0x00000006cff80000, 0x000000076b600000)
  object space 226816K, 15% used [0x00000006c2200000,0x00000006c436da98,0x00000006cff80000)
 Metaspace       used 60556K, capacity 64002K, committed 64512K, reserved 1105920K
  class space    used 8137K, capacity 8789K, committed 8960K, reserved 1048576K
}
Event: 93373.580 GC heap before
{Heap before GC invocations=83 (full 6):
 PSYoungGen      total 90112K, used 89808K [0x000000076b600000, 0x0000000771780000, 0x00000007c0000000)
  eden space 82432K, 100% used [0x000000076b600000,0x0000000770680000,0x0000000770680000)
  from space 7680K, 96% used [0x0000000770f00000,0x0000000771634228,0x0000000771680000)
  to   space 8704K, 0% used [0x0000000770680000,0x0000000770680000,0x0000000770f00000)
 ParOldGen       total 226816K, used 34230K [0x00000006c2200000, 0x00000006cff80000, 0x000000076b600000)
  object space 226816K, 15% used [0x00000006c2200000,0x00000006c436da98,0x00000006cff80000)
 Metaspace       used 60602K, capacity 64014K, committed 64512K, reserved 1105920K
  class space    used 8142K, capacity 8791K, committed 8960K, reserved 1048576K
Event: 93373.586 GC heap after
Heap after GC invocations=83 (full 6):
 PSYoungGen      total 90112K, used 8702K [0x000000076b600000, 0x0000000771980000, 0x00000007c0000000)
  eden space 81408K, 0% used [0x000000076b600000,0x000000076b600000,0x0000000770580000)
  from space 8704K, 99% used [0x0000000770680000,0x0000000770eff950,0x0000000770f00000)
  to   space 10240K, 0% used [0x0000000770f80000,0x0000000770f80000,0x0000000771980000)
 ParOldGen       total 226816K, used 34356K [0x00000006c2200000, 0x00000006cff80000, 0x000000076b600000)
  object space 226816K, 15% used [0x00000006c2200000,0x00000006c438d338,0x00000006cff80000)
 Metaspace       used 60602K, capacity 64014K, committed 64512K, reserved 1105920K
  class space    used 8142K, capacity 8791K, committed 8960K, reserved 1048576K
}

Deoptimization events (0 events):
No events

Internal exceptions (10 events):
Event: 93373.611 Thread 0x0000000026350800 Exception <a 'java/lang/ArrayIndexOutOfBoundsException'> (0x000000076b6a1a90) thrown at [C:\re\workspace\8-2-build-windows-amd64-cygwin\jdk8u111\7883\hotspot\src\share\vm\runtime\sharedRuntime.cpp, line 605]
Event: 93373.612 Thread 0x0000000026350800 Exception <a 'java/lang/ArrayIndexOutOfBoundsException'> (0x000000076b6a74a8) thrown at [C:\re\workspace\8-2-build-windows-amd64-cygwin\jdk8u111\7883\hotspot\src\share\vm\runtime\sharedRuntime.cpp, line 605]
Event: 93373.612 Thread 0x0000000026350800 Exception <a 'java/lang/ArrayIndexOutOfBoundsException'> (0x000000076b6a8260) thrown at [C:\re\workspace\8-2-build-windows-amd64-cygwin\jdk8u111\7883\hotspot\src\share\vm\runtime\sharedRuntime.cpp, line 605]
Event: 93373.614 Thread 0x0000000026350800 Exception <a 'java/lang/ArrayIndexOutOfBoundsException'> (0x000000076b6b5f00) thrown at [C:\re\workspace\8-2-build-windows-amd64-cygwin\jdk8u111\7883\hotspot\src\share\vm\runtime\sharedRuntime.cpp, line 605]
Event: 93373.614 Thread 0x0000000026350800 Exception <a 'java/lang/ArrayIndexOutOfBoundsException'> (0x000000076b6b6cb8) thrown at [C:\re\workspace\8-2-build-windows-amd64-cygwin\jdk8u111\7883\hotspot\src\share\vm\runtime\sharedRuntime.cpp, line 605]
Event: 93373.614 Thread 0x0000000026350800 Exception <a 'java/lang/ArrayIndexOutOfBoundsException'> (0x000000076b6bddf0) thrown at [C:\re\workspace\8-2-build-windows-amd64-cygwin\jdk8u111\7883\hotspot\src\share\vm\runtime\sharedRuntime.cpp, line 605]
Event: 93373.614 Thread 0x0000000026350800 Exception <a 'java/lang/ArrayIndexOutOfBoundsException'> (0x000000076b6beba8) thrown at [C:\re\workspace\8-2-build-windows-amd64-cygwin\jdk8u111\7883\hotspot\src\share\vm\runtime\sharedRuntime.cpp, line 605]
Event: 93373.625 Thread 0x000000002634f800 Exception <a 'java/lang/InterruptedException': sleep interrupted> (0x000000076b868940) thrown at [C:\re\workspace\8-2-build-windows-amd64-cygwin\jdk8u111\7883\hotspot\src\share\vm\prims\jvm.cpp, line 3224]
Event: 93373.632 Thread 0x0000000026353800 Exception <a 'java/lang/InterruptedException': sleep interrupted> (0x000000076b8ba828) thrown at [C:\re\workspace\8-2-build-windows-amd64-cygwin\jdk8u111\7883\hotspot\src\share\vm\prims\jvm.cpp, line 3224]
Event: 93373.646 Thread 0x0000000026350800 Exception <a 'java/lang/reflect/InvocationTargetException'> (0x000000076b97cac8) thrown at [C:\re\workspace\8-2-build-windows-amd64-cygwin\jdk8u111\7883\hotspot\src\share\vm\runtime\reflection.cpp, line 1092]

Events (10 events):
Event: 93373.646 Thread 0x0000000026350800 DEOPT UNPACKING pc=0x00000000051b787f sp=0x000000003cd0d8c8 mode 1
Event: 93373.646 Thread 0x0000000026350800 DEOPT PACKING pc=0x0000000005c2a51c sp=0x000000003cd0ef80
Event: 93373.646 Thread 0x0000000026350800 DEOPT UNPACKING pc=0x00000000051b787f sp=0x000000003cd0eda0 mode 1
Event: 93373.646 Thread 0x0000000026350800 DEOPT PACKING pc=0x0000000005c27044 sp=0x000000003cd0f0d0
Event: 93373.646 Thread 0x0000000026350800 DEOPT UNPACKING pc=0x00000000051b787f sp=0x000000003cd0edf8 mode 1
Event: 93373.646 Thread 0x0000000026350800 DEOPT PACKING pc=0x0000000005c26c1c sp=0x000000003cd0f120
Event: 93373.646 Thread 0x0000000026350800 DEOPT UNPACKING pc=0x00000000051b787f sp=0x000000003cd0eec8 mode 1
Event: 93373.646 Thread 0x0000000026350800 Thread exited: 0x0000000026350800
Event: 93373.710 Thread 0x000000002634f800 Thread added: 0x000000002634f800
Event: 93386.284 Executing VM operation: RedefineClasses


Dynamic libraries:
0x00007ff7f6cd0000 - 0x00007ff7f6d07000 	C:\Program Files\Java\jdk1.8.0_111\bin\javaw.exe
0x00007ffd0ca90000 - 0x00007ffd0cc70000 	C:\Windows\SYSTEM32\ntdll.dll
0x00007ffd0a780000 - 0x00007ffd0a82e000 	C:\Windows\System32\KERNEL32.DLL
0x00007ffd094f0000 - 0x00007ffd09756000 	C:\Windows\System32\KERNELBASE.dll
0x00007ffd0a280000 - 0x00007ffd0a321000 	C:\Windows\System32\ADVAPI32.dll
0x00007ffd0a180000 - 0x00007ffd0a21d000 	C:\Windows\System32\msvcrt.dll
0x00007ffd0c260000 - 0x00007ffd0c2bb000 	C:\Windows\System32\sechost.dll
0x00007ffd0c790000 - 0x00007ffd0c8af000 	C:\Windows\System32\RPCRT4.dll
0x00007ffd09f90000 - 0x00007ffd0a11f000 	C:\Windows\System32\USER32.dll
0x00007ffd08e90000 - 0x00007ffd08eb0000 	C:\Windows\System32\win32u.dll
0x00007ffd0c2c0000 - 0x00007ffd0c2e8000 	C:\Windows\System32\GDI32.dll
0x00007ffd09180000 - 0x00007ffd09313000 	C:\Windows\System32\gdi32full.dll
0x00007ffd08eb0000 - 0x00007ffd08f4b000 	C:\Windows\System32\msvcp_win.dll
0x00007ffd08f50000 - 0x00007ffd09045000 	C:\Windows\System32\ucrtbase.dll
0x00007ffd07df0000 - 0x00007ffd08059000 	C:\Windows\WinSxS\amd64_microsoft.windows.common-controls_6595b64144ccf1df_6.0.16299.904_none_15cadeb69362db48\COMCTL32.dll
0x00007ffd0bdf0000 - 0x00007ffd0c0f6000 	C:\Windows\System32\combase.dll
0x00007ffd09050000 - 0x00007ffd090c2000 	C:\Windows\System32\bcryptPrimitives.dll
0x00007ffd09f60000 - 0x00007ffd09f8d000 	C:\Windows\System32\IMM32.DLL
0x0000000076530000 - 0x0000000076602000 	C:\Program Files\Java\jdk1.8.0_111\jre\bin\msvcr100.dll
0x0000000074c90000 - 0x000000007552a000 	C:\Program Files\Java\jdk1.8.0_111\jre\bin\server\jvm.dll
0x00007ffd0c100000 - 0x00007ffd0c108000 	C:\Windows\System32\PSAPI.DLL
0x00007ffcff230000 - 0x00007ffcff253000 	C:\Windows\SYSTEM32\WINMM.dll
0x00007ffcfefb0000 - 0x00007ffcfefb9000 	C:\Windows\SYSTEM32\WSOCK32.dll
0x00007ffd03d20000 - 0x00007ffd03d2a000 	C:\Windows\SYSTEM32\VERSION.dll
0x00007ffd0a830000 - 0x00007ffd0a89c000 	C:\Windows\System32\WS2_32.dll
0x00007ffcfef80000 - 0x00007ffcfefaa000 	C:\Windows\SYSTEM32\WINMMBASE.dll
0x00007ffd09f10000 - 0x00007ffd09f5a000 	C:\Windows\System32\cfgmgr32.dll
0x0000000076520000 - 0x000000007652f000 	C:\Program Files\Java\jdk1.8.0_111\jre\bin\verify.dll
0x00000000764f0000 - 0x0000000076519000 	C:\Program Files\Java\jdk1.8.0_111\jre\bin\java.dll
0x00000000764b0000 - 0x00000000764e5000 	C:\Program Files\Java\jdk1.8.0_111\jre\bin\jdwp.dll
0x00000000764a0000 - 0x00000000764a8000 	C:\Program Files\Java\jdk1.8.0_111\jre\bin\npt.dll
0x0000000076480000 - 0x0000000076496000 	C:\Program Files\Java\jdk1.8.0_111\jre\bin\zip.dll
0x00007ffd0a9b0000 - 0x00007ffd0bde8000 	C:\Windows\System32\SHELL32.dll
0x00007ffd0a8a0000 - 0x00007ffd0a946000 	C:\Windows\System32\shcore.dll
0x00007ffd097c0000 - 0x00007ffd09f07000 	C:\Windows\System32\windows.storage.dll
0x00007ffd0a120000 - 0x00007ffd0a171000 	C:\Windows\System32\shlwapi.dll
0x00007ffd08e00000 - 0x00007ffd08e11000 	C:\Windows\System32\kernel.appcore.dll
0x00007ffd08e20000 - 0x00007ffd08e6c000 	C:\Windows\System32\powrprof.dll
0x00007ffd08e70000 - 0x00007ffd08e8b000 	C:\Windows\System32\profapi.dll
0x0000000076470000 - 0x0000000076479000 	C:\Program Files\Java\jdk1.8.0_111\jre\bin\dt_socket.dll
0x00007ffd01110000 - 0x00007ffd01126000 	C:\Windows\system32\napinsp.dll
0x00007ffd010f0000 - 0x00007ffd0110a000 	C:\Windows\system32\pnrpnsp.dll
0x00007ffd03300000 - 0x00007ffd03318000 	C:\Windows\system32\NLAapi.dll
0x00007ffd08670000 - 0x00007ffd086d6000 	C:\Windows\System32\mswsock.dll
0x00007ffd08440000 - 0x00007ffd084f6000 	C:\Windows\SYSTEM32\DNSAPI.dll
0x00007ffd0c6b0000 - 0x00007ffd0c6b8000 	C:\Windows\System32\NSI.dll
0x00007ffd08400000 - 0x00007ffd08439000 	C:\Windows\SYSTEM32\IPHLPAPI.DLL
0x00007ffd01840000 - 0x00007ffd0184e000 	C:\Windows\System32\winrnr.dll
0x00007ffd045f0000 - 0x00007ffd04660000 	C:\Windows\System32\fwpuclnt.dll
0x00007ffd08940000 - 0x00007ffd08965000 	C:\Windows\SYSTEM32\bcrypt.dll
0x00007ffd03400000 - 0x00007ffd0340a000 	C:\Windows\System32\rasadhlp.dll
0x0000000076460000 - 0x000000007646d000 	C:\Program Files\Java\jdk1.8.0_111\jre\bin\management.dll
0x0000000075e00000 - 0x0000000075e1a000 	C:\Program Files\Java\jdk1.8.0_111\jre\bin\net.dll
0x0000000074c70000 - 0x0000000074c81000 	C:\Program Files\Java\jdk1.8.0_111\jre\bin\nio.dll
0x00007ffd08830000 - 0x00007ffd08847000 	C:\Windows\SYSTEM32\CRYPTSP.dll
0x00007ffd08270000 - 0x00007ffd082a3000 	C:\Windows\system32\rsaenh.dll
0x00007ffd08d10000 - 0x00007ffd08d39000 	C:\Windows\SYSTEM32\USERENV.dll
0x00007ffd08850000 - 0x00007ffd0885b000 	C:\Windows\SYSTEM32\CRYPTBASE.dll
0x00007ffd04dd0000 - 0x00007ffd04de6000 	C:\Windows\SYSTEM32\dhcpcsvc6.DLL
0x00007ffd045a0000 - 0x00007ffd045ba000 	C:\Windows\SYSTEM32\dhcpcsvc.DLL
0x0000000074c40000 - 0x0000000074c64000 	C:\Program Files\Java\jdk1.8.0_111\jre\bin\sunec.dll
0x0000000076450000 - 0x000000007645b000 	C:\Program Files\Java\jdk1.8.0_111\jre\bin\sunmscapi.dll
0x00007ffd09320000 - 0x00007ffd094ee000 	C:\Windows\System32\CRYPT32.dll
0x00007ffd08de0000 - 0x00007ffd08df2000 	C:\Windows\System32\MSASN1.dll
0x00007ffd07610000 - 0x00007ffd077d8000 	C:\Windows\SYSTEM32\dbghelp.dll

VM Arguments:
jvm_args: -agentlib:jdwp=transport=dt_socket,suspend=y,address=localhost:56701 -Dcom.sun.management.jmxremote -Dcom.sun.management.jmxremote.port=56700 -Dcom.sun.management.jmxremote.authenticate=false -Dcom.sun.management.jmxremote.ssl=false -Djava.rmi.server.hostname=localhost -Dspring.liveBeansView.mbeanDomain -Dspring.application.admin.enabled=true -Xverify:none -XX:TieredStopAtLevel=1 -Dfile.encoding=UTF-8 
java_command: com.datatransforming.baseapp.DemoApplication --spring.profiles.active=local --spring.output.ansi.enabled=always
java_class_path (initial): C:\Program Files\Java\jdk1.8.0_111\jre\lib\resources.jar;C:\Program Files\Java\jdk1.8.0_111\jre\lib\rt.jar;C:\Program Files\Java\jdk1.8.0_111\jre\lib\jsse.jar;C:\Program Files\Java\jdk1.8.0_111\jre\lib\jce.jar;C:\Program Files\Java\jdk1.8.0_111\jre\lib\charsets.jar;C:\Program Files\Java\jdk1.8.0_111\jre\lib\jfr.jar;C:\Program Files\Java\jdk1.8.0_111\jre\lib\ext\access-bridge-64.jar;C:\Program Files\Java\jdk1.8.0_111\jre\lib\ext\cldrdata.jar;C:\Program Files\Java\jdk1.8.0_111\jre\lib\ext\dnsns.jar;C:\Program Files\Java\jdk1.8.0_111\jre\lib\ext\jaccess.jar;C:\Program Files\Java\jdk1.8.0_111\jre\lib\ext\jfxrt.jar;C:\Program Files\Java\jdk1.8.0_111\jre\lib\ext\localedata.jar;C:\Program Files\Java\jdk1.8.0_111\jre\lib\ext\nashorn.jar;C:\Program Files\Java\jdk1.8.0_111\jre\lib\ext\sunec.jar;C:\Program Files\Java\jdk1.8.0_111\jre\lib\ext\sunjce_provider.jar;C:\Program Files\Java\jdk1.8.0_111\jre\lib\ext\sunmscapi.jar;C:\Program Files\Java\jdk1.8.0_111\jre\lib\ext\sunpkcs11.jar;C:\Program Files\Java\jdk1.8.0_111\jre\lib\ext\zipfs.jar;C:\Users\jm838d\Documents\1. My Prj\MyToolkits\baseapp\base-webapp\target\classes;C:\Users\jm838d\.m2\repository\org\springframework\boot\spring-boot-starter-amqp\2.0.5.RELEASE\spring-boot-starter-amqp-2.0.5.RELEASE.jar;C:\Users\jm838d\.m2\repository\org\springframework\boot\spring-boot-starter\2.0.5.RELEASE\spring-boot-starter-2.0.5.RELEASE.jar;C:\Users\jm838d\.m2\repository\org\springframework\boot\spring-boot-starter-logging\2.0.5.RELEASE\spring-boot-starter-logging-2.0.5.RELEASE.jar;C:\Users\jm838d\.m2\repository\ch\qos\logback\logback-classic\1.2.3\logback-classic-1.2.3.jar;C:\Users\jm838d\.m2\repository\ch\qos\logback\logback-core\1.2.3\logback-core-1.2.3.jar;C:\Users\jm838d\.m2\repository\org\apache\logging\log4j\log4j-to-slf4j\2.10.0\log4j-to-slf4j-2.10.0.jar;C:\Users\jm838d\.m2\repository\org\apache\logging\log4j\log4j-api\2.10.0\log4j-api-2.10.0.jar;C:\Users\jm838d\.m2\repository\org\slf4j\jul-to-slf4j\1.7
Launcher Type: SUN_STANDARD

Environment Variables:
PATH=C:\Program Files\Java\jdk1.8.0_111\jre\bin;C:/Program Files/Java/jre1.8.0_162/bin/server;C:/Program Files/Java/jre1.8.0_162/bin;C:/Program Files/Java/jre1.8.0_162/lib/amd64;C:\ProgramData\Oracle\Java\javapath;C:\Windows\system32;C:\Windows;C:\Windows\System32\Wbem;C:\Windows\System32\WindowsPowerShell\v1.0\;C:\Program Files (x86)\Common Files\ACD Systems\EN;C:\Program Files (x86)\Common Files\ACD Systems;C:\Program Files (x86)\WebEx\Productivity Tools;C:\Program Files\PuTTY\;C:\Program Files\Microsoft SQL Server\Client SDK\ODBC\110\Tools\Binn\;C:\Program Files (x86)\Microsoft SQL Server\120\Tools\Binn\;C:\Program Files\Microsoft SQL Server\120\Tools\Binn\;C:\Program Files\Microsoft SQL Server\120\DTS\Binn\;C:\Program Files (x86)\Microsoft SQL Server\Client SDK\ODBC\130\Tools\Binn\;C:\Program Files (x86)\Microsoft SQL Server\140\Tools\Binn\;C:\Program Files (x86)\Microsoft SQL Server\140\DTS\Binn\;C:\Program Files (x86)\Microsoft SQL Server\140\Tools\Binn\ManagementStudio\;C:\Users\jm838d\AppData\Local\Microsoft\WindowsApps;;C:\Setup\sts-bundle\sts-3.9.0.RELEASE;
USERNAME=jm838d
OS=Windows_NT
PROCESSOR_IDENTIFIER=Intel64 Family 6 Model 142 Stepping 10, GenuineIntel



---------------  S Y S T E M  ---------------

OS: Windows 10.0 , 64 bit Build 16299 (10.0.16299.431)

CPU:total 8 (4 cores per cpu, 2 threads per core) family 6 model 142 stepping 10, cmov, cx8, fxsr, mmx, sse, sse2, sse3, ssse3, sse4.1, sse4.2, popcnt, avx, avx2, aes, clmul, erms, rtm, 3dnowpref, lzcnt, ht, tsc, tscinvbit, bmi1, bmi2, adx

Memory: 4k page, physical 16634836k(6525732k free), swap 41800660k(25244620k free)

vm_info: Java HotSpot(TM) 64-Bit Server VM (25.111-b14) for windows-amd64 JRE (1.8.0_111-b14), built on Sep 22 2016 19:24:05 by "java_re" with MS VC++ 10.0 (VS2010)

time: Thu Jan 31 14:59:09 2019
elapsed time: 93386 seconds (1d 1h 56m 26s)

